Using pre-set license
Built from '2020.2/release' branch; Version is '2020.2.4f1 (becced5a802b) revision 12504301'; Using compiler version '192528614'; Build Type 'Release'
OS: 'Windows 10 Home; OS build 19043.1415; Version 2009; 64bit' Language: 'en' Physical Memory: 16224 MB
BatchMode: 1, IsHumanControllingUs: 0, StartBugReporterOnCrash: 0, Is64bit: 1, IsPro: 0

 COMMAND LINE ARGUMENTS:
C:\Program Files\Unity\Editor\Unity.exe
-adb2
-batchMode
-noUpm
-name
AssetImportWorker0
-projectPath
C:/Users/Owner/Onslaught
-logFile
Logs/AssetImportWorker0.log
-srvPort
53796
Successfully changed project path to: C:/Users/Owner/Onslaught
C:/Users/Owner/Onslaught
Using Asset Import Pipeline V2.
Refreshing native plugins compatible for Editor in 19.29 ms, found 0 plugins.
Preloading 0 native plugins for Editor in 0.00 ms.
Initialize engine version: 2020.2.4f1 (becced5a802b)
[Subsystems] Discovering subsystems at path C:/Program Files/Unity/Editor/Data/Resources/UnitySubsystems
[Subsystems] Discovering subsystems at path C:/Users/Owner/Onslaught/Assets
GfxDevice: creating device client; threaded=0
Direct3D:
    Version:  Direct3D 11.0 [level 11.1]
    Renderer: NVIDIA GeForce RTX 3060 (ID=0x2504)
    Vendor:   
    VRAM:     12143 MB
    Driver:   30.0.14.7208
Initialize mono
Mono path[0] = 'C:/Program Files/Unity/Editor/Data/Managed'
Mono path[1] = 'C:/Program Files/Unity/Editor/Data/MonoBleedingEdge/lib/mono/unityjit'
Mono config path = 'C:/Program Files/Unity/Editor/Data/MonoBleedingEdge/etc'
Using monoOptions --debugger-agent=transport=dt_socket,embedding=1,server=y,suspend=n,address=127.0.0.1:56308
Begin MonoManager ReloadAssembly
Registering precompiled unity dll's ...
Register platform support module: C:/Program Files/Unity/Editor/Data/PlaybackEngines/WindowsStandaloneSupport/UnityEditor.WindowsStandalone.Extensions.dll
Registered in 0.001988 seconds.
Native extension for WindowsStandalone target not found
Refreshing native plugins compatible for Editor in 19.46 ms, found 0 plugins.
Preloading 0 native plugins for Editor in 0.00 ms.
Invoked RoslynAnalysisRunner static constructor.
RoslynAnalysisRunner will not be running.
RoslynAnalysisRunner has terminated.
Mono: successfully reloaded assembly
- Completed reload, in  0.877 seconds
Platform modules already initialized, skipping
Registering precompiled user dll's ...
Registered in 0.000788 seconds.
Begin MonoManager ReloadAssembly
Native extension for WindowsStandalone target not found
Refreshing native plugins compatible for Editor in 0.27 ms, found 0 plugins.
Preloading 0 native plugins for Editor in 0.00 ms.
Invoked RoslynAnalysisRunner static constructor.
RoslynAnalysisRunner will not be running.
RoslynAnalysisRunner has terminated.
Mono: successfully reloaded assembly
- Completed reload, in  0.626 seconds
Platform modules already initialized, skipping
========================================================================
Worker process is ready to serve import requests
Launched and connected shader compiler UnityShaderCompiler.exe after 0.04 seconds
Refreshing native plugins compatible for Editor in 0.44 ms, found 0 plugins.
Preloading 0 native plugins for Editor in 0.00 ms.
Unloading 1109 Unused Serialized files (Serialized files now loaded: 0)
System memory in use before: 58.7 MB.
System memory in use after: 58.8 MB.

Unloading 8 unused Assets to reduce memory usage. Loaded Objects now: 1559.
Total: 1.713900 ms (FindLiveObjects: 0.262900 ms CreateObjectMapping: 0.066100 ms MarkObjects: 1.361900 ms  DeleteObjects: 0.021600 ms)

========================================================================
Received Import Request.
  path: Assets/Scripts/GunGunBangBang.cs
  artifactKey: Guid(36a7308b09ce8f54ca2f6883f821d8a0) Importer(815301076,1909f56bfc062723c751e8b465ee728b)
Start importing Assets/Scripts/GunGunBangBang.cs using Guid(36a7308b09ce8f54ca2f6883f821d8a0) Importer(815301076,1909f56bfc062723c751e8b465ee728b)  -> (artifact id: 'cf0d2590b7f1577467bd743d2ef72de9') in 0.028646 seconds
  Import took 0.031003 seconds .

========================================================================
Received Import Request.
  Time since last request: 558.292319 seconds.
  path: Assets/Animations/DownTime.anim
  artifactKey: Guid(8975708bccf665a4fbbce1ff41b5357f) Importer(815301076,1909f56bfc062723c751e8b465ee728b)
Start importing Assets/Animations/DownTime.anim using Guid(8975708bccf665a4fbbce1ff41b5357f) Importer(815301076,1909f56bfc062723c751e8b465ee728b)  -> (artifact id: '12d4f626cd76ecd31048d210f4e95ae4') in 0.017496 seconds
  Import took 0.019428 seconds .

AssetImportWorkerClient::OnTransportError - code=2 error=End of file
